Determining if the pthread_create exist failed with the following output:
Change Dir: /home/tombraid/Works/ebio/cvtdriver/build/CMakeFiles/CMakeTmp

Run Build Command:"/usr/bin/make" "cmTC_ced9a/fast"
/usr/bin/make -f CMakeFiles/cmTC_ced9a.dir/build.make CMakeFiles/cmTC_ced9a.dir/build
make[1]: Entering directory '/home/tombraid/Works/ebio/cvtdriver/build/CMakeFiles/CMakeTmp'
Building C object CMakeFiles/cmTC_ced9a.dir/CheckSymbolExists.c.o
/usr/bin/cc     -o CMakeFiles/cmTC_ced9a.dir/CheckSymbolExists.c.o   -c /home/tombraid/Works/ebio/cvtdriver/build/CMakeFiles/CMakeTmp/CheckSymbolExists.c
Linking C executable cmTC_ced9a
/usr/bin/cmake -E cmake_link_script CMakeFiles/cmTC_ced9a.dir/link.txt --verbose=1
/usr/bin/cc       CMakeFiles/cmTC_ced9a.dir/CheckSymbolExists.c.o  -o cmTC_ced9a -rdynamic 
CMakeFiles/cmTC_ced9a.dir/CheckSymbolExists.c.o: In function `main':
CheckSymbolExists.c:(.text+0x16): undefined reference to `pthread_create'
collect2: error: ld returned 1 exit status
CMakeFiles/cmTC_ced9a.dir/build.make:97: recipe for target 'cmTC_ced9a' failed
make[1]: *** [cmTC_ced9a] Error 1
make[1]: Leaving directory '/home/tombraid/Works/ebio/cvtdriver/build/CMakeFiles/CMakeTmp'
Makefile:126: recipe for target 'cmTC_ced9a/fast' failed
make: *** [cmTC_ced9a/fast] Error 2

File /home/tombraid/Works/ebio/cvtdriver/build/CMakeFiles/CMakeTmp/CheckSymbolExists.c:
/* */
#include <pthread.h>

int main(int argc, char** argv)
{
  (void)argv;
#ifndef pthread_create
  return ((int*)(&pthread_create))[argc];
#else
  (void)argc;
  return 0;
#endif
}

Determining if the function pthread_create exists in the pthreads failed with the following output:
Change Dir: /home/tombraid/Works/ebio/cvtdriver/build/CMakeFiles/CMakeTmp

Run Build Command:"/usr/bin/make" "cmTC_f534a/fast"
/usr/bin/make -f CMakeFiles/cmTC_f534a.dir/build.make CMakeFiles/cmTC_f534a.dir/build
make[1]: Entering directory '/home/tombraid/Works/ebio/cvtdriver/build/CMakeFiles/CMakeTmp'
Building C object CMakeFiles/cmTC_f534a.dir/CheckFunctionExists.c.o
/usr/bin/cc    -DCHECK_FUNCTION_EXISTS=pthread_create   -o CMakeFiles/cmTC_f534a.dir/CheckFunctionExists.c.o   -c /usr/share/cmake-3.5/Modules/CheckFunctionExists.c
Linking C executable cmTC_f534a
/usr/bin/cmake -E cmake_link_script CMakeFiles/cmTC_f534a.dir/link.txt --verbose=1
/usr/bin/cc   -DCHECK_FUNCTION_EXISTS=pthread_create    CMakeFiles/cmTC_f534a.dir/CheckFunctionExists.c.o  -o cmTC_f534a -rdynamic -lpthreads 
/usr/bin/ld: cannot find -lpthreads
collect2: error: ld returned 1 exit status
CMakeFiles/cmTC_f534a.dir/build.make:97: recipe for target 'cmTC_f534a' failed
make[1]: *** [cmTC_f534a] Error 1
make[1]: Leaving directory '/home/tombraid/Works/ebio/cvtdriver/build/CMakeFiles/CMakeTmp'
Makefile:126: recipe for target 'cmTC_f534a/fast' failed
make: *** [cmTC_f534a/fast] Error 2


